<?xml version="1.0" encoding="UTF-8"?>
<!-- Generated by org.testng.reporters.JUnitXMLReporter -->
<testsuite ignored="0" hostname="DESKTOP-0PPKKSD" failures="1" tests="1" name="SupermarketTest" time="0.05" errors="0" timestamp="2024-12-16T14:13:27 IST">
  <testcase classname="testscript.AdminUserSearchTest" name="usersearch" time="0.0">
    <failure type="org.testng.TestNGException" message="
Parameter &amp;apos;user&amp;apos; is required by @Test on method usersearch but has not been marked @Optional or defined
in C:\Users\dell\git\7rmartSupermarket\7rmartSupermarket\extendreport.xml">
      <![CDATA[org.testng.TestNGException: 
Parameter 'user' is required by @Test on method usersearch but has not been marked @Optional or defined
in C:\Users\dell\git\7rmartSupermarket\7rmartSupermarket\extendreport.xml
at java.base/java.util.ArrayList.forEach(ArrayList.java:1597)
... Removed 26 stack frames]]>
    </failure>
  </testcase> <!-- usersearch -->
</testsuite> <!-- SupermarketTest -->
